running egg_info
creating ../build/imu-pkg/imu_pkg.egg-info
writing ../build/imu-pkg/imu_pkg.egg-info/PKG-INFO
writing dependency_links to ../build/imu-pkg/imu_pkg.egg-info/dependency_links.txt
writing entry points to ../build/imu-pkg/imu_pkg.egg-info/entry_points.txt
writing requirements to ../build/imu-pkg/imu_pkg.egg-info/requires.txt
writing top-level names to ../build/imu-pkg/imu_pkg.egg-info/top_level.txt
writing manifest file '../build/imu-pkg/imu_pkg.egg-info/SOURCES.txt'
reading manifest file '../build/imu-pkg/imu_pkg.egg-info/SOURCES.txt'
writing manifest file '../build/imu-pkg/imu_pkg.egg-info/SOURCES.txt'
running build
running build_py
creating /home/galsiton/ros2_ws/src/build/imu-pkg/build
creating /home/galsiton/ros2_ws/src/build/imu-pkg/build/lib
creating /home/galsiton/ros2_ws/src/build/imu-pkg/build/lib/imu-pkg
copying imu-pkg/__init__.py -> /home/galsiton/ros2_ws/src/build/imu-pkg/build/lib/imu-pkg
running install
running install_lib
creating /home/galsiton/ros2_ws/src/install/imu-pkg/lib/python3.8/site-packages/imu-pkg
copying /home/galsiton/ros2_ws/src/build/imu-pkg/build/lib/imu-pkg/__init__.py -> /home/galsiton/ros2_ws/src/install/imu-pkg/lib/python3.8/site-packages/imu-pkg
byte-compiling /home/galsiton/ros2_ws/src/install/imu-pkg/lib/python3.8/site-packages/imu-pkg/__init__.py to __init__.cpython-38.pyc
running install_data
creating /home/galsiton/ros2_ws/src/install/imu-pkg/share/ament_index
creating /home/galsiton/ros2_ws/src/install/imu-pkg/share/ament_index/resource_index
creating /home/galsiton/ros2_ws/src/install/imu-pkg/share/ament_index/resource_index/packages
copying resource/imu-pkg -> /home/galsiton/ros2_ws/src/install/imu-pkg/share/ament_index/resource_index/packages
copying package.xml -> /home/galsiton/ros2_ws/src/install/imu-pkg/share/imu-pkg
running install_egg_info
Copying ../build/imu-pkg/imu_pkg.egg-info to /home/galsiton/ros2_ws/src/install/imu-pkg/lib/python3.8/site-packages/imu_pkg-0.0.0-py3.8.egg-info
running install_scripts
writing list of installed files to '/home/galsiton/ros2_ws/src/build/imu-pkg/install.log'
