[0.758s] Invoking command in '/home/galsiton/ros2_ws/src/my_py_pkg': PYTHONPATH=/home/galsiton/ros2_ws/src/install/my_py_pkg/lib/python3.8/site-packages:${PYTHONPATH} /usr/bin/python3 setup.py egg_info --egg-base ../build/my_py_pkg build --build-base /home/galsiton/ros2_ws/src/build/my_py_pkg/build install --prefix /home/galsiton/ros2_ws/src/install/my_py_pkg --record /home/galsiton/ros2_ws/src/build/my_py_pkg/install.log --single-version-externally-managed
[0.927s] running egg_info
[0.928s] creating ../build/my_py_pkg/my_py_pkg.egg-info
[0.928s] writing ../build/my_py_pkg/my_py_pkg.egg-info/PKG-INFO
[0.928s] writing dependency_links to ../build/my_py_pkg/my_py_pkg.egg-info/dependency_links.txt
[0.928s] writing entry points to ../build/my_py_pkg/my_py_pkg.egg-info/entry_points.txt
[0.928s] writing requirements to ../build/my_py_pkg/my_py_pkg.egg-info/requires.txt
[0.928s] writing top-level names to ../build/my_py_pkg/my_py_pkg.egg-info/top_level.txt
[0.929s] writing manifest file '../build/my_py_pkg/my_py_pkg.egg-info/SOURCES.txt'
[0.958s] reading manifest file '../build/my_py_pkg/my_py_pkg.egg-info/SOURCES.txt'
[0.958s] writing manifest file '../build/my_py_pkg/my_py_pkg.egg-info/SOURCES.txt'
[0.958s] running build
[0.958s] running build_py
[0.958s] creating /home/galsiton/ros2_ws/src/build/my_py_pkg/build
[0.958s] creating /home/galsiton/ros2_ws/src/build/my_py_pkg/build/lib
[0.958s] creating /home/galsiton/ros2_ws/src/build/my_py_pkg/build/lib/my_py_pkg
[0.958s] copying my_py_pkg/acceleration_tune_node.py -> /home/galsiton/ros2_ws/src/build/my_py_pkg/build/lib/my_py_pkg
[0.959s] copying my_py_pkg/__init__.py -> /home/galsiton/ros2_ws/src/build/my_py_pkg/build/lib/my_py_pkg
[0.959s] running install
[0.959s] running install_lib
[0.960s] creating /home/galsiton/ros2_ws/src/install/my_py_pkg/lib/python3.8/site-packages/my_py_pkg
[0.960s] copying /home/galsiton/ros2_ws/src/build/my_py_pkg/build/lib/my_py_pkg/acceleration_tune_node.py -> /home/galsiton/ros2_ws/src/install/my_py_pkg/lib/python3.8/site-packages/my_py_pkg
[0.960s] copying /home/galsiton/ros2_ws/src/build/my_py_pkg/build/lib/my_py_pkg/__init__.py -> /home/galsiton/ros2_ws/src/install/my_py_pkg/lib/python3.8/site-packages/my_py_pkg
[0.960s] byte-compiling /home/galsiton/ros2_ws/src/install/my_py_pkg/lib/python3.8/site-packages/my_py_pkg/acceleration_tune_node.py to acceleration_tune_node.cpython-38.pyc
[0.962s] byte-compiling /home/galsiton/ros2_ws/src/install/my_py_pkg/lib/python3.8/site-packages/my_py_pkg/__init__.py to __init__.cpython-38.pyc
[0.962s] running install_data
[0.962s] creating /home/galsiton/ros2_ws/src/install/my_py_pkg/share/ament_index
[0.962s] creating /home/galsiton/ros2_ws/src/install/my_py_pkg/share/ament_index/resource_index
[0.962s] creating /home/galsiton/ros2_ws/src/install/my_py_pkg/share/ament_index/resource_index/packages
[0.962s] copying resource/my_py_pkg -> /home/galsiton/ros2_ws/src/install/my_py_pkg/share/ament_index/resource_index/packages
[0.962s] copying package.xml -> /home/galsiton/ros2_ws/src/install/my_py_pkg/share/my_py_pkg
[0.962s] running install_egg_info
[0.964s] Copying ../build/my_py_pkg/my_py_pkg.egg-info to /home/galsiton/ros2_ws/src/install/my_py_pkg/lib/python3.8/site-packages/my_py_pkg-0.0.0-py3.8.egg-info
[0.964s] running install_scripts
[0.983s] writing list of installed files to '/home/galsiton/ros2_ws/src/build/my_py_pkg/install.log'
[1.182s] Invoked command in '/home/galsiton/ros2_ws/src/my_py_pkg' returned '0': PYTHONPATH=/home/galsiton/ros2_ws/src/install/my_py_pkg/lib/python3.8/site-packages:${PYTHONPATH} /usr/bin/python3 setup.py egg_info --egg-base ../build/my_py_pkg build --build-base /home/galsiton/ros2_ws/src/build/my_py_pkg/build install --prefix /home/galsiton/ros2_ws/src/install/my_py_pkg --record /home/galsiton/ros2_ws/src/build/my_py_pkg/install.log --single-version-externally-managed
