[0.505s] Invoking command in '/home/galsiton/ros2_ws/src/imu-pkg': PYTHONPATH=/home/galsiton/ros2_ws/src/install/imu-pkg/lib/python3.8/site-packages:${PYTHONPATH} /usr/bin/python3 setup.py egg_info --egg-base ../build/imu-pkg build --build-base /home/galsiton/ros2_ws/src/build/imu-pkg/build install --prefix /home/galsiton/ros2_ws/src/install/imu-pkg --record /home/galsiton/ros2_ws/src/build/imu-pkg/install.log --single-version-externally-managed
[0.679s] running egg_info
[0.679s] writing ../build/imu-pkg/imu_pkg.egg-info/PKG-INFO
[0.679s] writing dependency_links to ../build/imu-pkg/imu_pkg.egg-info/dependency_links.txt
[0.680s] writing entry points to ../build/imu-pkg/imu_pkg.egg-info/entry_points.txt
[0.680s] writing requirements to ../build/imu-pkg/imu_pkg.egg-info/requires.txt
[0.680s] writing top-level names to ../build/imu-pkg/imu_pkg.egg-info/top_level.txt
[0.708s] reading manifest file '../build/imu-pkg/imu_pkg.egg-info/SOURCES.txt'
[0.709s] writing manifest file '../build/imu-pkg/imu_pkg.egg-info/SOURCES.txt'
[0.709s] running build
[0.709s] running build_py
[0.709s] running install
[0.710s] running install_lib
[0.711s] running install_data
[0.712s] running install_egg_info
[0.713s] removing '/home/galsiton/ros2_ws/src/install/imu-pkg/lib/python3.8/site-packages/imu_pkg-0.0.0-py3.8.egg-info' (and everything under it)
[0.714s] Copying ../build/imu-pkg/imu_pkg.egg-info to /home/galsiton/ros2_ws/src/install/imu-pkg/lib/python3.8/site-packages/imu_pkg-0.0.0-py3.8.egg-info
[0.714s] running install_scripts
[0.728s] writing list of installed files to '/home/galsiton/ros2_ws/src/build/imu-pkg/install.log'
[0.749s] Invoked command in '/home/galsiton/ros2_ws/src/imu-pkg' returned '0': PYTHONPATH=/home/galsiton/ros2_ws/src/install/imu-pkg/lib/python3.8/site-packages:${PYTHONPATH} /usr/bin/python3 setup.py egg_info --egg-base ../build/imu-pkg build --build-base /home/galsiton/ros2_ws/src/build/imu-pkg/build install --prefix /home/galsiton/ros2_ws/src/install/imu-pkg --record /home/galsiton/ros2_ws/src/build/imu-pkg/install.log --single-version-externally-managed
