[0.125s] DEBUG:colcon:Command line arguments: ['/usr/bin/colcon', 'build']
[0.125s] DEBUG:colcon:Parsed command line arguments: Namespace(allow_overriding=[], ament_cmake_args=None, base_paths=['.'], build_base='build', catkin_cmake_args=None, catkin_skip_building_tests=False, cmake_args=None, cmake_clean_cache=False, cmake_clean_first=False, cmake_force_configure=False, cmake_target=None, cmake_target_skip_unavailable=False, continue_on_error=False, event_handlers=None, executor='parallel', ignore_user_meta=False, install_base='install', log_base=None, log_level=None, main=<bound method BuildVerb.main of <colcon_core.verb.build.BuildVerb object at 0x7fd76bd86e50>>, merge_install=False, metas=['./colcon.meta'], packages_above=None, packages_above_and_dependencies=None, packages_above_depth=None, packages_end=None, packages_ignore=None, packages_ignore_regex=None, packages_select=None, packages_select_build_failed=False, packages_select_by_dep=None, packages_select_regex=None, packages_select_test_failures=False, packages_skip=None, packages_skip_build_finished=False, packages_skip_by_dep=None, packages_skip_regex=None, packages_skip_test_passed=False, packages_skip_up_to=None, packages_start=None, packages_up_to=None, packages_up_to_regex=None, parallel_workers=8, paths=None, symlink_install=False, test_result_base=None, verb_extension=<colcon_core.verb.build.BuildVerb object at 0x7fd76bd86e50>, verb_name='build', verb_parser=<colcon_defaults.argument_parser.defaults.DefaultArgumentsDecorator object at 0x7fd76bd10400>)
[0.147s] Level 1:colcon.colcon_core.package_discovery:discover_packages(colcon_meta) check parameters
[0.147s] Level 1:colcon.colcon_core.package_discovery:discover_packages(recursive) check parameters
[0.147s] Level 1:colcon.colcon_core.package_discovery:discover_packages(ignore) check parameters
[0.147s] Level 1:colcon.colcon_core.package_discovery:discover_packages(path) check parameters
[0.147s] Level 1:colcon.colcon_core.package_discovery:discover_packages(colcon_meta) discover
[0.147s] Level 1:colcon.colcon_core.package_discovery:discover_packages(recursive) discover
[0.147s] INFO:colcon.colcon_core.package_discovery:Crawling recursively for packages in '/home/galsiton/ros2_ws/src'
[0.147s] Level 1:colcon.colcon_core.package_identification:_identify(.) by extensions ['ignore', 'ignore_ament_install']
[0.147s] Level 1:colcon.colcon_core.package_identification:_identify(.) by extension 'ignore'
[0.147s] Level 1:colcon.colcon_core.package_identification:_identify(.) by extension 'ignore_ament_install'
[0.147s] Level 1:colcon.colcon_core.package_identification:_identify(.) by extensions ['colcon_pkg']
[0.147s] Level 1:colcon.colcon_core.package_identification:_identify(.) by extension 'colcon_pkg'
[0.147s] Level 1:colcon.colcon_core.package_identification:_identify(.) by extensions ['colcon_meta']
[0.147s] Level 1:colcon.colcon_core.package_identification:_identify(.) by extension 'colcon_meta'
[0.147s] Level 1:colcon.colcon_core.package_identification:_identify(.) by extensions ['ros']
[0.147s] Level 1:colcon.colcon_core.package_identification:_identify(.) by extension 'ros'
[0.156s] Level 1:colcon.colcon_core.package_identification:_identify(.) by extensions ['cmake', 'python']
[0.156s] Level 1:colcon.colcon_core.package_identification:_identify(.) by extension 'cmake'
[0.156s] Level 1:colcon.colcon_core.package_identification:_identify(.) by extension 'python'
[0.156s] Level 1:colcon.colcon_core.package_identification:_identify(.) by extensions ['python_setup_py']
[0.156s] Level 1:colcon.colcon_core.package_identification:_identify(.) by extension 'python_setup_py'
[0.156s] Level 1:colcon.colcon_core.package_identification:_identify(build) by extensions ['ignore', 'ignore_ament_install']
[0.156s] Level 1:colcon.colcon_core.package_identification:_identify(build) by extension 'ignore'
[0.156s] Level 1:colcon.colcon_core.package_identification:_identify(build) ignored
[0.156s] Level 1:colcon.colcon_core.package_identification:_identify(final_project) by extensions ['ignore', 'ignore_ament_install']
[0.156s] Level 1:colcon.colcon_core.package_identification:_identify(final_project) by extension 'ignore'
[0.156s] Level 1:colcon.colcon_core.package_identification:_identify(final_project) by extension 'ignore_ament_install'
[0.156s] Level 1:colcon.colcon_core.package_identification:_identify(final_project) by extensions ['colcon_pkg']
[0.156s] Level 1:colcon.colcon_core.package_identification:_identify(final_project) by extension 'colcon_pkg'
[0.156s] Level 1:colcon.colcon_core.package_identification:_identify(final_project) by extensions ['colcon_meta']
[0.156s] Level 1:colcon.colcon_core.package_identification:_identify(final_project) by extension 'colcon_meta'
[0.157s] Level 1:colcon.colcon_core.package_identification:_identify(final_project) by extensions ['ros']
[0.157s] Level 1:colcon.colcon_core.package_identification:_identify(final_project) by extension 'ros'
[0.157s] Level 1:colcon.colcon_core.package_identification:_identify(final_project) by extensions ['cmake', 'python']
[0.157s] Level 1:colcon.colcon_core.package_identification:_identify(final_project) by extension 'cmake'
[0.157s] Level 1:colcon.colcon_core.package_identification:_identify(final_project) by extension 'python'
[0.157s] Level 1:colcon.colcon_core.package_identification:_identify(final_project) by extensions ['python_setup_py']
[0.157s] Level 1:colcon.colcon_core.package_identification:_identify(final_project) by extension 'python_setup_py'
[0.157s] Level 1:colcon.colcon_core.package_identification:_identify(final_project/useful files) by extensions ['ignore', 'ignore_ament_install']
[0.157s] Level 1:colcon.colcon_core.package_identification:_identify(final_project/useful files) by extension 'ignore'
[0.157s] Level 1:colcon.colcon_core.package_identification:_identify(final_project/useful files) by extension 'ignore_ament_install'
[0.157s] Level 1:colcon.colcon_core.package_identification:_identify(final_project/useful files) by extensions ['colcon_pkg']
[0.157s] Level 1:colcon.colcon_core.package_identification:_identify(final_project/useful files) by extension 'colcon_pkg'
[0.157s] Level 1:colcon.colcon_core.package_identification:_identify(final_project/useful files) by extensions ['colcon_meta']
[0.157s] Level 1:colcon.colcon_core.package_identification:_identify(final_project/useful files) by extension 'colcon_meta'
[0.157s] Level 1:colcon.colcon_core.package_identification:_identify(final_project/useful files) by extensions ['ros']
[0.157s] Level 1:colcon.colcon_core.package_identification:_identify(final_project/useful files) by extension 'ros'
[0.157s] Level 1:colcon.colcon_core.package_identification:_identify(final_project/useful files) by extensions ['cmake', 'python']
[0.157s] Level 1:colcon.colcon_core.package_identification:_identify(final_project/useful files) by extension 'cmake'
[0.157s] Level 1:colcon.colcon_core.package_identification:_identify(final_project/useful files) by extension 'python'
[0.157s] Level 1:colcon.colcon_core.package_identification:_identify(final_project/useful files) by extensions ['python_setup_py']
[0.157s] Level 1:colcon.colcon_core.package_identification:_identify(final_project/useful files) by extension 'python_setup_py'
[0.157s] Level 1:colcon.colcon_core.package_identification:_identify(imu-pkg) by extensions ['ignore', 'ignore_ament_install']
[0.157s] Level 1:colcon.colcon_core.package_identification:_identify(imu-pkg) by extension 'ignore'
[0.157s] Level 1:colcon.colcon_core.package_identification:_identify(imu-pkg) by extension 'ignore_ament_install'
[0.157s] Level 1:colcon.colcon_core.package_identification:_identify(imu-pkg) by extensions ['colcon_pkg']
[0.157s] Level 1:colcon.colcon_core.package_identification:_identify(imu-pkg) by extension 'colcon_pkg'
[0.157s] Level 1:colcon.colcon_core.package_identification:_identify(imu-pkg) by extensions ['colcon_meta']
[0.157s] Level 1:colcon.colcon_core.package_identification:_identify(imu-pkg) by extension 'colcon_meta'
[0.157s] Level 1:colcon.colcon_core.package_identification:_identify(imu-pkg) by extensions ['ros']
[0.158s] Level 1:colcon.colcon_core.package_identification:_identify(imu-pkg) by extension 'ros'
[0.163s] DEBUG:colcon.colcon_core.package_identification:Package 'imu-pkg' with type 'ros.ament_python' and name 'imu-pkg'
[0.163s] Level 1:colcon.colcon_core.package_identification:_identify(install) by extensions ['ignore', 'ignore_ament_install']
[0.163s] Level 1:colcon.colcon_core.package_identification:_identify(install) by extension 'ignore'
[0.163s] Level 1:colcon.colcon_core.package_identification:_identify(install) ignored
[0.163s] Level 1:colcon.colcon_core.package_identification:_identify(log) by extensions ['ignore', 'ignore_ament_install']
[0.163s] Level 1:colcon.colcon_core.package_identification:_identify(log) by extension 'ignore'
[0.163s] Level 1:colcon.colcon_core.package_identification:_identify(log) ignored
[0.163s] Level 1:colcon.colcon_core.package_identification:_identify(my_py_pkg) by extensions ['ignore', 'ignore_ament_install']
[0.163s] Level 1:colcon.colcon_core.package_identification:_identify(my_py_pkg) by extension 'ignore'
[0.163s] Level 1:colcon.colcon_core.package_identification:_identify(my_py_pkg) by extension 'ignore_ament_install'
[0.164s] Level 1:colcon.colcon_core.package_identification:_identify(my_py_pkg) by extensions ['colcon_pkg']
[0.164s] Level 1:colcon.colcon_core.package_identification:_identify(my_py_pkg) by extension 'colcon_pkg'
[0.164s] Level 1:colcon.colcon_core.package_identification:_identify(my_py_pkg) by extensions ['colcon_meta']
[0.164s] Level 1:colcon.colcon_core.package_identification:_identify(my_py_pkg) by extension 'colcon_meta'
[0.164s] Level 1:colcon.colcon_core.package_identification:_identify(my_py_pkg) by extensions ['ros']
[0.164s] Level 1:colcon.colcon_core.package_identification:_identify(my_py_pkg) by extension 'ros'
[0.164s] DEBUG:colcon.colcon_core.package_identification:Package 'my_py_pkg' with type 'ros.ament_python' and name 'my_py_pkg'
[0.164s] Level 1:colcon.colcon_core.package_discovery:discover_packages(recursive) using defaults
[0.164s] Level 1:colcon.colcon_core.package_discovery:discover_packages(ignore) discover
[0.164s] Level 1:colcon.colcon_core.package_discovery:discover_packages(ignore) using defaults
[0.164s] Level 1:colcon.colcon_core.package_discovery:discover_packages(path) discover
[0.164s] Level 1:colcon.colcon_core.package_discovery:discover_packages(path) using defaults
[0.198s] Level 1:colcon.colcon_core.package_discovery:discover_packages(prefix_path) check parameters
[0.198s] Level 1:colcon.colcon_core.package_discovery:discover_packages(prefix_path) discover
[0.201s] DEBUG:colcon.colcon_installed_package_information.package_discovery:Found 1 installed packages in /home/galsiton/multicopter_ws/install
[0.203s] DEBUG:colcon.colcon_installed_package_information.package_discovery:Found 259 installed packages in /opt/ros/foxy
[0.205s] Level 1:colcon.colcon_core.package_discovery:discover_packages(prefix_path) using defaults
[0.260s] Level 5:colcon.colcon_core.verb:set package 'imu-pkg' build argument 'cmake_args' from command line to 'None'
[0.260s] Level 5:colcon.colcon_core.verb:set package 'imu-pkg' build argument 'cmake_target' from command line to 'None'
[0.260s] Level 5:colcon.colcon_core.verb:set package 'imu-pkg' build argument 'cmake_target_skip_unavailable' from command line to 'False'
[0.260s] Level 5:colcon.colcon_core.verb:set package 'imu-pkg' build argument 'cmake_clean_cache' from command line to 'False'
[0.260s] Level 5:colcon.colcon_core.verb:set package 'imu-pkg' build argument 'cmake_clean_first' from command line to 'False'
[0.260s] Level 5:colcon.colcon_core.verb:set package 'imu-pkg' build argument 'cmake_force_configure' from command line to 'False'
[0.260s] Level 5:colcon.colcon_core.verb:set package 'imu-pkg' build argument 'ament_cmake_args' from command line to 'None'
[0.260s] Level 5:colcon.colcon_core.verb:set package 'imu-pkg' build argument 'catkin_cmake_args' from command line to 'None'
[0.261s] Level 5:colcon.colcon_core.verb:set package 'imu-pkg' build argument 'catkin_skip_building_tests' from command line to 'False'
[0.261s] DEBUG:colcon.colcon_core.verb:Building package 'imu-pkg' with the following arguments: {'ament_cmake_args': None, 'build_base': '/home/galsiton/ros2_ws/src/build/imu-pkg', 'catkin_cmake_args': None, 'catkin_skip_building_tests': False, 'cmake_args': None, 'cmake_clean_cache': False, 'cmake_clean_first': False, 'cmake_force_configure': False, 'cmake_target': None, 'cmake_target_skip_unavailable': False, 'install_base': '/home/galsiton/ros2_ws/src/install/imu-pkg', 'merge_install': False, 'path': '/home/galsiton/ros2_ws/src/imu-pkg', 'symlink_install': False, 'test_result_base': None}
[0.261s] Level 5:colcon.colcon_core.verb:set package 'my_py_pkg' build argument 'cmake_args' from command line to 'None'
[0.261s] Level 5:colcon.colcon_core.verb:set package 'my_py_pkg' build argument 'cmake_target' from command line to 'None'
[0.261s] Level 5:colcon.colcon_core.verb:set package 'my_py_pkg' build argument 'cmake_target_skip_unavailable' from command line to 'False'
[0.261s] Level 5:colcon.colcon_core.verb:set package 'my_py_pkg' build argument 'cmake_clean_cache' from command line to 'False'
[0.261s] Level 5:colcon.colcon_core.verb:set package 'my_py_pkg' build argument 'cmake_clean_first' from command line to 'False'
[0.261s] Level 5:colcon.colcon_core.verb:set package 'my_py_pkg' build argument 'cmake_force_configure' from command line to 'False'
[0.261s] Level 5:colcon.colcon_core.verb:set package 'my_py_pkg' build argument 'ament_cmake_args' from command line to 'None'
[0.261s] Level 5:colcon.colcon_core.verb:set package 'my_py_pkg' build argument 'catkin_cmake_args' from command line to 'None'
[0.261s] Level 5:colcon.colcon_core.verb:set package 'my_py_pkg' build argument 'catkin_skip_building_tests' from command line to 'False'
[0.262s] DEBUG:colcon.colcon_core.verb:Building package 'my_py_pkg' with the following arguments: {'ament_cmake_args': None, 'build_base': '/home/galsiton/ros2_ws/src/build/my_py_pkg', 'catkin_cmake_args': None, 'catkin_skip_building_tests': False, 'cmake_args': None, 'cmake_clean_cache': False, 'cmake_clean_first': False, 'cmake_force_configure': False, 'cmake_target': None, 'cmake_target_skip_unavailable': False, 'install_base': '/home/galsiton/ros2_ws/src/install/my_py_pkg', 'merge_install': False, 'path': '/home/galsiton/ros2_ws/src/my_py_pkg', 'symlink_install': False, 'test_result_base': None}
[0.262s] INFO:colcon.colcon_core.executor:Executing jobs using 'parallel' executor
[0.266s] DEBUG:colcon.colcon_parallel_executor.executor.parallel:run_until_complete
[0.266s] INFO:colcon.colcon_ros.task.ament_python.build:Building ROS package in '/home/galsiton/ros2_ws/src/imu-pkg' with build type 'ament_python'
[0.266s] Level 1:colcon.colcon_core.shell:create_environment_hook('imu-pkg', 'ament_prefix_path')
[0.269s] INFO:colcon.colcon_core.plugin_system:Skipping extension 'colcon_core.shell.bat': Not used on non-Windows systems
[0.269s] INFO:colcon.colcon_core.shell:Creating environment hook '/home/galsiton/ros2_ws/src/install/imu-pkg/share/imu-pkg/hook/ament_prefix_path.ps1'
[0.270s] INFO:colcon.colcon_core.shell:Creating environment descriptor '/home/galsiton/ros2_ws/src/install/imu-pkg/share/imu-pkg/hook/ament_prefix_path.dsv'
[0.270s] INFO:colcon.colcon_core.shell:Creating environment hook '/home/galsiton/ros2_ws/src/install/imu-pkg/share/imu-pkg/hook/ament_prefix_path.sh'
[0.272s] INFO:colcon.colcon_core.shell:Skip shell extension 'powershell' for command environment: Not usable outside of PowerShell
[0.272s] DEBUG:colcon.colcon_core.shell:Skip shell extension 'dsv' for command environment
[0.277s] INFO:colcon.colcon_ros.task.ament_python.build:Building ROS package in '/home/galsiton/ros2_ws/src/my_py_pkg' with build type 'ament_python'
[0.277s] Level 1:colcon.colcon_core.shell:create_environment_hook('my_py_pkg', 'ament_prefix_path')
[0.279s] INFO:colcon.colcon_core.shell:Creating environment hook '/home/galsiton/ros2_ws/src/install/my_py_pkg/share/my_py_pkg/hook/ament_prefix_path.ps1'
[0.280s] INFO:colcon.colcon_core.shell:Creating environment descriptor '/home/galsiton/ros2_ws/src/install/my_py_pkg/share/my_py_pkg/hook/ament_prefix_path.dsv'
[0.281s] INFO:colcon.colcon_core.shell:Creating environment hook '/home/galsiton/ros2_ws/src/install/my_py_pkg/share/my_py_pkg/hook/ament_prefix_path.sh'
[0.282s] INFO:colcon.colcon_core.shell:Skip shell extension 'powershell' for command environment: Not usable outside of PowerShell
[0.282s] DEBUG:colcon.colcon_core.shell:Skip shell extension 'dsv' for command environment
[0.465s] INFO:colcon.colcon_core.task.python.build:Building Python package in '/home/galsiton/ros2_ws/src/imu-pkg'
[0.466s] INFO:colcon.colcon_core.shell:Skip shell extension 'powershell' for command environment: Not usable outside of PowerShell
[0.466s] DEBUG:colcon.colcon_core.shell:Skip shell extension 'dsv' for command environment
[0.647s] INFO:colcon.colcon_core.task.python.build:Building Python package in '/home/galsiton/ros2_ws/src/my_py_pkg'
[0.648s] INFO:colcon.colcon_core.shell:Skip shell extension 'powershell' for command environment: Not usable outside of PowerShell
[0.648s] DEBUG:colcon.colcon_core.shell:Skip shell extension 'dsv' for command environment
[1.034s] DEBUG:colcon.colcon_core.event_handler.log_command:Invoking command in '/home/galsiton/ros2_ws/src/imu-pkg': PYTHONPATH=/home/galsiton/ros2_ws/src/install/imu-pkg/lib/python3.8/site-packages:${PYTHONPATH} /usr/bin/python3 setup.py egg_info --egg-base ../build/imu-pkg build --build-base /home/galsiton/ros2_ws/src/build/imu-pkg/build install --prefix /home/galsiton/ros2_ws/src/install/imu-pkg --record /home/galsiton/ros2_ws/src/build/imu-pkg/install.log --single-version-externally-managed
[1.038s] DEBUG:colcon.colcon_core.event_handler.log_command:Invoking command in '/home/galsiton/ros2_ws/src/my_py_pkg': PYTHONPATH=/home/galsiton/ros2_ws/src/install/my_py_pkg/lib/python3.8/site-packages:${PYTHONPATH} /usr/bin/python3 setup.py egg_info --egg-base ../build/my_py_pkg build --build-base /home/galsiton/ros2_ws/src/build/my_py_pkg/build install --prefix /home/galsiton/ros2_ws/src/install/my_py_pkg --record /home/galsiton/ros2_ws/src/build/my_py_pkg/install.log --single-version-externally-managed
[1.280s] DEBUG:colcon.colcon_core.event_handler.log_command:Invoked command in '/home/galsiton/ros2_ws/src/imu-pkg' returned '0': PYTHONPATH=/home/galsiton/ros2_ws/src/install/imu-pkg/lib/python3.8/site-packages:${PYTHONPATH} /usr/bin/python3 setup.py egg_info --egg-base ../build/imu-pkg build --build-base /home/galsiton/ros2_ws/src/build/imu-pkg/build install --prefix /home/galsiton/ros2_ws/src/install/imu-pkg --record /home/galsiton/ros2_ws/src/build/imu-pkg/install.log --single-version-externally-managed
[1.387s] Level 1:colcon.colcon_core.environment:checking '/home/galsiton/ros2_ws/src/install/imu-pkg' for CMake module files
[1.388s] Level 1:colcon.colcon_core.environment:checking '/home/galsiton/ros2_ws/src/install/imu-pkg' for CMake config files
[1.389s] Level 1:colcon.colcon_core.environment:checking '/home/galsiton/ros2_ws/src/install/imu-pkg/lib'
[1.390s] Level 1:colcon.colcon_core.environment:checking '/home/galsiton/ros2_ws/src/install/imu-pkg/bin'
[1.390s] Level 1:colcon.colcon_core.environment:checking '/home/galsiton/ros2_ws/src/install/imu-pkg/lib/pkgconfig/imu-pkg.pc'
[1.390s] Level 1:colcon.colcon_core.environment:checking '/home/galsiton/ros2_ws/src/install/imu-pkg/lib/python3.8/site-packages'
[1.390s] Level 1:colcon.colcon_core.shell:create_environment_hook('imu-pkg', 'pythonpath')
[1.394s] INFO:colcon.colcon_core.shell:Creating environment hook '/home/galsiton/ros2_ws/src/install/imu-pkg/share/imu-pkg/hook/pythonpath.ps1'
[1.395s] INFO:colcon.colcon_core.shell:Creating environment descriptor '/home/galsiton/ros2_ws/src/install/imu-pkg/share/imu-pkg/hook/pythonpath.dsv'
[1.396s] INFO:colcon.colcon_core.shell:Creating environment hook '/home/galsiton/ros2_ws/src/install/imu-pkg/share/imu-pkg/hook/pythonpath.sh'
[1.397s] Level 1:colcon.colcon_core.environment:checking '/home/galsiton/ros2_ws/src/install/imu-pkg/bin'
[1.397s] Level 1:colcon.colcon_core.environment:create_environment_scripts_only(imu-pkg)
[1.400s] INFO:colcon.colcon_core.shell:Creating package script '/home/galsiton/ros2_ws/src/install/imu-pkg/share/imu-pkg/package.ps1'
[1.447s] INFO:colcon.colcon_core.shell:Creating package descriptor '/home/galsiton/ros2_ws/src/install/imu-pkg/share/imu-pkg/package.dsv'
[1.448s] INFO:colcon.colcon_core.shell:Creating package script '/home/galsiton/ros2_ws/src/install/imu-pkg/share/imu-pkg/package.sh'
[1.450s] INFO:colcon.colcon_core.shell:Creating package script '/home/galsiton/ros2_ws/src/install/imu-pkg/share/imu-pkg/package.bash'
[1.451s] INFO:colcon.colcon_core.shell:Creating package script '/home/galsiton/ros2_ws/src/install/imu-pkg/share/imu-pkg/package.zsh'
[1.453s] Level 1:colcon.colcon_core.environment:create_file_with_runtime_dependencies(/home/galsiton/ros2_ws/src/install/imu-pkg/share/colcon-core/packages/imu-pkg)
[1.461s] Level 1:colcon.colcon_core.environment:checking '/home/galsiton/ros2_ws/src/install/my_py_pkg' for CMake module files
[1.461s] DEBUG:colcon.colcon_core.event_handler.log_command:Invoked command in '/home/galsiton/ros2_ws/src/my_py_pkg' returned '0': PYTHONPATH=/home/galsiton/ros2_ws/src/install/my_py_pkg/lib/python3.8/site-packages:${PYTHONPATH} /usr/bin/python3 setup.py egg_info --egg-base ../build/my_py_pkg build --build-base /home/galsiton/ros2_ws/src/build/my_py_pkg/build install --prefix /home/galsiton/ros2_ws/src/install/my_py_pkg --record /home/galsiton/ros2_ws/src/build/my_py_pkg/install.log --single-version-externally-managed
[1.462s] Level 1:colcon.colcon_core.environment:checking '/home/galsiton/ros2_ws/src/install/my_py_pkg' for CMake config files
[1.462s] Level 1:colcon.colcon_core.environment:checking '/home/galsiton/ros2_ws/src/install/my_py_pkg/lib'
[1.463s] Level 1:colcon.colcon_core.environment:checking '/home/galsiton/ros2_ws/src/install/my_py_pkg/bin'
[1.463s] Level 1:colcon.colcon_core.environment:checking '/home/galsiton/ros2_ws/src/install/my_py_pkg/lib/pkgconfig/my_py_pkg.pc'
[1.463s] Level 1:colcon.colcon_core.environment:checking '/home/galsiton/ros2_ws/src/install/my_py_pkg/lib/python3.8/site-packages'
[1.463s] Level 1:colcon.colcon_core.shell:create_environment_hook('my_py_pkg', 'pythonpath')
[1.465s] INFO:colcon.colcon_core.shell:Creating environment hook '/home/galsiton/ros2_ws/src/install/my_py_pkg/share/my_py_pkg/hook/pythonpath.ps1'
[1.465s] INFO:colcon.colcon_core.shell:Creating environment descriptor '/home/galsiton/ros2_ws/src/install/my_py_pkg/share/my_py_pkg/hook/pythonpath.dsv'
[1.465s] INFO:colcon.colcon_core.shell:Creating environment hook '/home/galsiton/ros2_ws/src/install/my_py_pkg/share/my_py_pkg/hook/pythonpath.sh'
[1.466s] Level 1:colcon.colcon_core.environment:checking '/home/galsiton/ros2_ws/src/install/my_py_pkg/bin'
[1.466s] Level 1:colcon.colcon_core.environment:create_environment_scripts_only(my_py_pkg)
[1.467s] INFO:colcon.colcon_core.shell:Creating package script '/home/galsiton/ros2_ws/src/install/my_py_pkg/share/my_py_pkg/package.ps1'
[1.468s] INFO:colcon.colcon_core.shell:Creating package descriptor '/home/galsiton/ros2_ws/src/install/my_py_pkg/share/my_py_pkg/package.dsv'
[1.468s] INFO:colcon.colcon_core.shell:Creating package script '/home/galsiton/ros2_ws/src/install/my_py_pkg/share/my_py_pkg/package.sh'
[1.468s] INFO:colcon.colcon_core.shell:Creating package script '/home/galsiton/ros2_ws/src/install/my_py_pkg/share/my_py_pkg/package.bash'
[1.468s] INFO:colcon.colcon_core.shell:Creating package script '/home/galsiton/ros2_ws/src/install/my_py_pkg/share/my_py_pkg/package.zsh'
[1.469s] Level 1:colcon.colcon_core.environment:create_file_with_runtime_dependencies(/home/galsiton/ros2_ws/src/install/my_py_pkg/share/colcon-core/packages/my_py_pkg)
[1.469s] DEBUG:colcon.colcon_parallel_executor.executor.parallel:closing loop
[1.469s] DEBUG:colcon.colcon_parallel_executor.executor.parallel:loop closed
[1.469s] DEBUG:colcon.colcon_parallel_executor.executor.parallel:run_until_complete finished with '0'
[1.469s] DEBUG:colcon.colcon_core.event_reactor:joining thread
[1.475s] INFO:colcon.colcon_core.plugin_system:Skipping extension 'colcon_notification.desktop_notification.terminal_notifier': Not used on non-Darwin systems
[1.475s] INFO:colcon.colcon_core.plugin_system:Skipping extension 'colcon_notification.desktop_notification.win32': Not used on non-Windows systems
[1.475s] INFO:colcon.colcon_notification.desktop_notification:Sending desktop notification using 'notify2'
[1.490s] DEBUG:colcon.colcon_core.event_reactor:joined thread
[1.492s] INFO:colcon.colcon_core.shell:Creating prefix script '/home/galsiton/ros2_ws/src/install/local_setup.ps1'
[1.495s] INFO:colcon.colcon_core.shell:Creating prefix util module '/home/galsiton/ros2_ws/src/install/_local_setup_util_ps1.py'
[1.497s] INFO:colcon.colcon_core.shell:Creating prefix chain script '/home/galsiton/ros2_ws/src/install/setup.ps1'
[1.498s] INFO:colcon.colcon_core.shell:Creating prefix script '/home/galsiton/ros2_ws/src/install/local_setup.sh'
[1.499s] INFO:colcon.colcon_core.shell:Creating prefix util module '/home/galsiton/ros2_ws/src/install/_local_setup_util_sh.py'
[1.500s] INFO:colcon.colcon_core.shell:Creating prefix chain script '/home/galsiton/ros2_ws/src/install/setup.sh'
[1.501s] INFO:colcon.colcon_core.shell:Creating prefix script '/home/galsiton/ros2_ws/src/install/local_setup.bash'
[1.502s] INFO:colcon.colcon_core.shell:Creating prefix chain script '/home/galsiton/ros2_ws/src/install/setup.bash'
[1.503s] INFO:colcon.colcon_core.shell:Creating prefix script '/home/galsiton/ros2_ws/src/install/local_setup.zsh'
[1.504s] INFO:colcon.colcon_core.shell:Creating prefix chain script '/home/galsiton/ros2_ws/src/install/setup.zsh'
